[dotenv@17.3.1] injecting env (13) from .env -- tip: 🔐 encrypt with Dotenvx: https://dotenvx.com
Connecting to: postgresql://postgres:6RdcZumfl2RB9CyHFdLM5u5uObswYnDv@103.199.187.145:54322/postgres
✅ Connected to database

--- Table: tenants_registry ---
Row count: 2
┌─────────┬────────────────────────────────────────┬───────────────────┬───────────────────┬───────────┬──────────────────────────┐
│ (index) │ id                                     │ slug              │ company_name      │ is_active │ created_at               │
├─────────┼────────────────────────────────────────┼───────────────────┼───────────────────┼───────────┼──────────────────────────┤
│ 0       │ 'acc0fe47-9337-4553-bb31-19b3a1bffbea' │ 'system'          │ 'Sistema Central' │ true      │ 2026-02-25T22:55:40.957Z │
│ 1       │ '918b0ee7-a79b-4fb6-8c9c-4a1d6f9a3b0a' │ 'emericks-tenant' │ 'Emerick Store'   │ true      │ 2026-02-25T22:55:40.991Z │
└─────────┴────────────────────────────────────────┴───────────────────┴───────────────────┴───────────┴──────────────────────────┘

--- Table: wallets ---
Row count: 20
┌─────────┬────────────────────────────────────────┬────────────────────────────────────┬─────────┬──────────┬───────────┬───────────────┬───────────────────────┬──────────────────────┬──────────────────┬──────────────────────────┬──────────────────────────┐
│ (index) │ id                                     │ tenant_id                          │ balance │ currency │ is_frozen │ auto_recharge │ auto_recharge_trigger │ auto_recharge_amount │ saved_card_token │ created_at               │ updated_at               │
├─────────┼────────────────────────────────────────┼────────────────────────────────────┼─────────┼──────────┼───────────┼───────────────┼───────────────────────┼──────────────────────┼──────────────────┼──────────────────────────┼──────────────────────────┤
│ 0       │ '33ff6ba2-70de-4478-a81e-33e75502d3c4' │ 'system'                           │ '0.00'  │ 'BRL'    │ false     │ false         │ null                  │ null                 │ null             │ 2026-02-12T21:25:47.576Z │ 2026-02-12T21:25:47.576Z │
│ 1       │ 'd41f17a1-b38a-48b9-a6c9-7f8a17dad638' │ 'dev-temp-1770936983916-hvavgqgkj' │ '0.00'  │ 'BRL'    │ false     │ false         │ null                  │ null                 │ null             │ 2026-02-13T01:56:23.946Z │ 2026-02-13T01:56:23.946Z │
│ 2       │ 'a4e23bea-362f-420e-9f04-371bd8ef72ab' │ 'dev-temp-1770937227459-udtc2xazw' │ '0.00'  │ 'BRL'    │ false     │ false         │ null                  │ null                 │ null             │ 2026-02-13T02:00:27.577Z │ 2026-02-13T02:00:27.577Z │
│ 3       │ '108d7e30-cfaf-4069-b76c-5e5afa750f8b' │ 'dev-temp-1770937677609-5jb2hyr4r' │ '0.00'  │ 'BRL'    │ false     │ false         │ null                  │ null                 │ null             │ 2026-02-13T02:07:57.614Z │ 2026-02-13T02:07:57.614Z │
│ 4       │ 'ee814b2f-95be-481a-a35f-33017a0f0d1c' │ 'dev-temp-1770937827648-rih083fyl' │ '0.00'  │ 'BRL'    │ false     │ false         │ null                  │ null                 │ null             │ 2026-02-13T02:10:27.657Z │ 2026-02-13T02:10:27.657Z │
└─────────┴────────────────────────────────────────┴────────────────────────────────────┴─────────┴──────────┴───────────┴───────────────┴───────────────────────┴──────────────────────┴──────────────────┴──────────────────────────┴──────────────────────────┘

--- Table: form_tenant_mapping ---
Row count: 1
┌─────────┬────────────────────────────────────────┬───────────────────┬──────────────────────────────┬───────────────────┬───────────┬──────────────────────────┬──────────────────────────┐
│ (index) │ form_id                                │ tenant_id         │ slug                         │ company_slug      │ is_public │ created_at               │ updated_at               │
├─────────┼────────────────────────────────────────┼───────────────────┼──────────────────────────────┼───────────────────┼───────────┼──────────────────────────┼──────────────────────────┤
│ 0       │ '12e608e1-cf37-49b1-bcfc-7bab82822e84' │ 'emericks-tenant' │ 'formulario-de-qualificacao' │ 'emericks-tenant' │ true      │ 2026-02-25T19:28:39.952Z │ 2026-02-25T19:28:39.952Z │
└─────────┴────────────────────────────────────────┴───────────────────┴──────────────────────────────┴───────────────────┴───────────┴──────────────────────────┴──────────────────────────┘

--- Table: forms ---
Row count: 1
┌─────────┬────────────────────────────────────────┬──────────────────────────────┬──────────────────────────────┬─────────────────────────────────────────────────────────────────────────────────────────────────────────┬───────────────┬─────────────────┬────────────────┬───────────┬──────────┬───────────────┬─────────────┬───────────────┬────────────────────┬───────────────────┬───────────┬──────────────────────────┬──────────────────────────┐
│ (index) │ id                                     │ title                        │ slug                         │ description                                                                                             │ welcome_title │ welcome_message │ welcome_config │ questions │ elements │ passing_score │ score_tiers │ design_config │ completion_page_id │ tenant_id         │ is_public │ created_at               │ updated_at               │
├─────────┼────────────────────────────────────────┼──────────────────────────────┼──────────────────────────────┼─────────────────────────────────────────────────────────────────────────────────────────────────────────┼───────────────┼─────────────────┼────────────────┼───────────┼──────────┼───────────────┼─────────────┼───────────────┼────────────────────┼───────────────────┼───────────┼──────────────────────────┼──────────────────────────┤
│ 0       │ '12e608e1-cf37-49b1-bcfc-7bab82822e84' │ 'Formulário de Qualificação' │ 'formulario-de-qualificacao' │ 'Responda as perguntas abaixo para verificar se você está qualificado para uma reunião com nosso time.' │ null          │ null            │ [Object]       │ []        │ []       │ 20            │ null        │ [Object]      │ null               │ 'emericks-tenant' │ false     │ 2026-02-25T19:28:39.931Z │ 2026-02-25T19:28:39.931Z │
└─────────┴────────────────────────────────────────┴──────────────────────────────┴──────────────────────────────┴─────────────────────────────────────────────────────────────────────────────────────────────────────────┴───────────────┴─────────────────┴────────────────┴───────────┴──────────┴───────────────┴─────────────┴───────────────┴────────────────────┴───────────────────┴───────────┴──────────────────────────┴──────────────────────────┘

--- Table: app_settings ---
Row count: 1
┌─────────┬────┬───────────┬──────────────┬───────────────────┬──────────────┬───────────────────┬────────────────────────────────────────┬───────────────────────────────────────────────────────────────────────────────────────────────────────────┬──────────────────────┬─────────────────────┬──────────────────────┬────────────────────────────┬───────────────────┬──────────────────┬──────────────────┬───────────────────┬───────────────────┬────────────────────┬─────────────────┬──────────────────────────┬──────────────────────────┐
│ (index) │ id │ tenant_id │ company_name │ company_slug      │ supabase_url │ supabase_anon_key │ active_form_id                         │ active_form_url                                                                                           │ redis_commands_today │ redis_commands_date │ redis_commands_month │ redis_commands_month_start │ whatsapp_instance │ whatsapp_api_url │ whatsapp_api_key │ evolution_api_url │ evolution_api_key │ evolution_instance │ n8n_webhook_url │ created_at               │ updated_at               │
├─────────┼────┼───────────┼──────────────┼───────────────────┼──────────────┼───────────────────┼────────────────────────────────────────┼───────────────────────────────────────────────────────────────────────────────────────────────────────────┼──────────────────────┼─────────────────────┼──────────────────────┼────────────────────────────┼───────────────────┼──────────────────┼──────────────────┼───────────────────┼───────────────────┼────────────────────┼─────────────────┼──────────────────────────┼──────────────────────────┤
│ 0       │ 1  │ 'system'  │ 'Sistema'    │ 'emericks-tenant' │ null         │ null              │ '12e608e1-cf37-49b1-bcfc-7bab82822e84' │ 'https://nexusemijoias.nexusintelligence.tech/formulario/emericks-tenant/form/formulario-de-qualificacao' │ 0                    │ null                │ 0                    │ null                       │ null              │ null             │ null             │ null              │ null              │ null               │ null            │ 2026-02-13T02:12:53.081Z │ 2026-02-25T22:28:39.193Z │
└─────────┴────┴───────────┴──────────────┴───────────────────┴──────────────┴───────────────────┴────────────────────────────────────────┴───────────────────────────────────────────────────────────────────────────────────────────────────────────┴──────────────────────┴─────────────────────┴──────────────────────┴────────────────────────────┴───────────────────┴──────────────────┴──────────────────┴───────────────────┴───────────────────┴────────────────────┴─────────────────┴──────────────────────────┴──────────────────────────┘
