1705:  app.post("/api/forms/:formId/submit", async (req, res) => {
1945:  app.post("/api/forms", authenticateToken, async (req, res) => {
2541:  app.post("/api/submissions", async (req, res) => {
2737:  app.post("/api/templates", async (req, res) => {
2771:  app.post("/api/completion-pages", async (req, res) => {
2883:  app.post("/api/settings", authenticateToken, async (req, res) => {
3162:  app.post("/api/credentials/test/supabase", async (req, res) => {
3212:  app.post("/api/upload/logo", upload.single('logo'), (req, res) => {
3234:  app.post("/api/config", async (req, res) => {
3259:  app.post("/api/evolution/proxy", async (req, res) => {
3308:  app.post("/api/evolution/chats", async (req, res) => {
3432:  app.post("/api/evolution/contacts", async (req, res) => {
3482:  app.post("/api/evolution/messages", async (req, res) => {
3558:  app.post("/api/evolution/send-message", async (req, res) => {
3642:  app.post("/api/evolution/send-media", async (req, res) => {
3746:  app.post("/api/evolution/send-audio", async (req, res) => {
3807:  app.post("/api/evolution/proxy-media", async (req, res) => {
4073:  app.post("/api/leads/status/batch", async (req, res) => {
4175:  app.post("/api/leads/create-or-update", async (req, res) => {
4243:  app.post("/api/leads/criar-sessao", async (req, res) => {
4280:  app.post("/api/leads/validar-token", async (req, res) => {
4334:  app.post("/api/leads/registrar-inicio", async (req, res) => {
4370:  app.post("/api/leads/atualizar-progresso", async (req, res) => {
4409:  app.post("/api/leads/finalizar", async (req, res) => {
4521:  app.post("/api/leads/sync-from-submissions", async (req, res) => {
4546:  app.post("/api/leads/sync-submission/:submissionId", async (req, res) => {
4596:  app.post("/api/leads/sync-from-supabase", async (req, res) => {
4853:  app.post("/api/whatsapp/labels", async (req, res) => {
4915:  app.post("/api/whatsapp/labels/reset", async (req, res) => {
5358:  app.post("/api/whatsapp/track-form-start", async (req, res) => {
5410:  app.post("/api/forms/track-start", async (req, res) => {
