⚠️  Node.js 18 and below are deprecated and will no longer be supported in future versions of @supabase/supabase-js. Please upgrade to Node.js 20 or later. For more information, visit: https://github.com/orgs/supabase/discussions/37217
[SUPABASE_OWNER] ✅ Conectado com sucesso via secrets SUPABASE_OWNER_URL/KEY
🐘 Initializing database connection...
[PUBLIC_CACHE] Loaded 0 persistent form mappings from disk
ℹ️ Redis não configurado - usando cache em memória
✅ Formulários database connection configured
📄 [FormPoller] Estado carregado: 24 submissions processadas
📄 [CPFAutoCheck] Estado carregado: 6 consultas processadas
📄 [CPFPoller] Estado carregado: 7 consultas processadas
📄 Estado da automação carregado do arquivo com sucesso
[AssinaturaSupabase] Serviço criado - inicialização lazy
[Assinatura] 5 contratos carregados do arquivo local
ℹ️  [RESEND] Serviço multi-tenant - será inicializado quando tenant estiver disponível
[Pagar.me] ✅ Usando credenciais de PRODUÇÃO
[STARTUP] Loading server modules...
[STARTUP] All modules loaded, creating Express app...
[STARTUP] Express app created
ℹ️  [SENTRY] Serviço multi-tenant - será inicializado quando tenant estiver disponível
Warning: connect.session() MemoryStore is not
designed for a production environment, as it will leak
memory, and will not scale past a single process.
⚠️ Resend não configurado - Emails desativados
⚠️ Sentry não configurado - Monitoramento desativado
Credenciais carregadas do arquivo com sucesso
11:14:41 PM [express] Credentials manager initialized
11:14:41 PM [express] ✅ [StateReset] Estados de polling inicializados
11:14:41 PM [express] 🔍 [StateReset] Verificando estados obsoletos...
🔧 [CONFIG] Setting up configuration routes...
11:14:41 PM [express] 🔐 Multi-tenant authentication enabled
📋 Registering Formularios Platform Complete Routes...
[Split Routes] Registering split routes early
11:14:41 PM [express] 🔐 Multi-tenant authentication enabled
11:14:41 PM [express] ✅ Rotas de notificações registradas
[Horarios] Rotas registradas
11:14:41 PM [express] serving on port 5000
11:14:41 PM [express] Environment: production
11:14:41 PM [express] Serving static files from dist/
✅ Handler registrado para job type: send_email
✅ Handler registrado para job type: track_event
✅ Handler registrado para job type: push_notification
✅ Handler registrado para job type: process_upload
✅ Handler registrado para job type: sync_form_submission
🚀 Iniciando processamento da fila: emails
🚀 Iniciando processamento da fila: analytics
🚀 Iniciando processamento da fila: notifications
🚀 Iniciando processamento da fila: data-processing
✅ Todas as filas de background jobs inicializadas
11:14:41 PM [express] ✅ Background job queues initialized
🔍 Buscando tenants do banco de dados...
🔄 [FormSync] Executando sincronização de formulários do Supabase...
🔍 [FormPoller] Iniciando polling de submissions...
⏰ [FormSync] Sincronização automática iniciada - verificação a cada 2 minutos
🔄 [FormMappingSync] Iniciando sincronização de formulários do Supabase...
⏰ [FormMappingSync] Job de sincronização iniciado - verificação a cada 5 minutos
🔄 [CPFSync] Executando sincronização de CPF compliance...
🔍 [CPFPoller] Iniciando polling de consultas CPF...
⏰ [CPFSync] Sincronização automática iniciada - verificação a cada 3 minutos
11:14:41 PM [express] ✅ Form submission automation started
🚀 Starting limit monitor (interval: 300s)

╔════════════════════════════════════════╗
║  🔍 LIMIT MONITOR - FREE TIER         ║
╚════════════════════════════════════════╝

🚀 Starting automatic alerting (interval: 5min)
11:14:41 PM [express] ✅ Monitoring and alerting started
🔄 [ContractSync] Iniciando poller de sincronização de contratos...
11:14:41 PM [express] ✅ Contract sync poller started
🧹 [CacheCleanup] Scheduler iniciado - limpeza a cada 24h
11:14:41 PM [express] ✅ Cache cleanup scheduler started (every 24h)
11:14:41 PM [express] ✅ Credenciais do Supabase CLIENTE carregadas do banco de dados
📱 [CPFPoller] Buscando resultados com telefone do Supabase Cliente...
11:14:41 PM [express] ✅ Credenciais do Supabase CLIENTE carregadas do banco de dados
✅ 2 tenants encontrados no banco de dados
🔍 Verificando novos clientes para cliente system (tenant: system)
🔍 Iniciando detecção de novos clientes para system/system
⏰ Automação iniciada para system/system - verificação a cada 2 minutos
✅ Automação iniciada para tenant: system
🔍 Verificando novos clientes para cliente emericks-tenant (tenant: emericks-tenant)
🔍 Iniciando detecção de novos clientes para emericks-tenant/emericks-tenant
⏰ Automação iniciada para emericks-tenant/emericks-tenant - verificação a cada 2 minutos
✅ Automação iniciada para tenant: emericks-tenant
🚀 Automação iniciada para 2 tenants
⚙️ Configuração: verificação a cada 2 minutos
✅ [PUBLIC_CACHE] Credenciais encontradas no banco para system (ou fallback)
11:14:41 PM [express] ✅ Credenciais do Supabase CLIENTE carregadas do banco de dados
11:14:41 PM [express] ✅ Supabase do CLIENTE conectado
✅ Database connection established and verified
📊 Service Status:

  🟢 Redis (Monthly): 0.0% (0/500000)
  🟢 Supabase Bandwidth: 0.0% (0.00MB/2048.00MB)

────────────────────────────────────────

⚠️ Auto-migration warning: syntax error at or near "id"
✅ [SUPABASE] 2 configuração(ões) encontrada(s) no banco de dados
🏢 [FormPoller] Encontrados 2 tenant(s) configurados

🔄 [FormPoller] Processando tenant: system
📱 [CPFPoller] Buscando resultados CPF e telefones via form_submissions...
✅ [MULTI-TENANT] 0 registros encontrados para system
🆕 Inicializando cache para system/system com 0 clientes
✅ Cache atualizado para system-system: 0 clientes
🔍 Verificação de novos clientes concluída: {
  novos: 0,
  fonte: 'cache_initialized',
  processamento: { sucessos: 0, erros: 0 }
}
✅ [FormMappingSync] Tabela form_tenant_mapping verificada/criada
📊 [FormMappingSync] Encontrados 2 tenant(s) para sincronizar
ℹ️ [CPFPoller] Todos os resultados já foram processados
ℹ️ [CPFPoller] Nenhum resultado pendente no Supabase Cliente
11:14:41 PM [express] ✅ Supabase Master: Credenciais carregadas de variáveis de ambiente (use com cautela - background jobs only)
🔄 [CPFPoller] Verificando Supabase Master (compatibilidade)...
📊 [FormPoller] Tenant system: 0 submissions não sincronizadas ou atualizadas
ℹ️ [FormPoller] Tenant system: Nenhuma submission nova

🔄 [FormPoller] Processando tenant: emericks-tenant
🔍 [FormMappingSync] Sincronizando tenant: system
11:14:41 PM [express] ❌ ERRO: Chave do Supabase Master não é service_role!
11:14:41 PM [express]    Role detectado: desconhecido
11:14:41 PM [express]    Problema: Chave JWT inválida (formato incorreto)
11:14:41 PM [express]    Solução: No Supabase Dashboard > Settings > API, copie a "service_role" key (NÃO a anon key)
11:14:41 PM [express] 🔗 Criando cliente Supabase Master com URL: https://fsojiujwjfseqwrqesch.supabase.co
11:14:41 PM [express] ✅ Supabase MESTRE conectado (fonte: database)
🔍 [SUPABASE] Buscando credenciais para tenant system...
📊 [FormPoller] Tenant emericks-tenant: 0 submissions não sincronizadas ou atualizadas
ℹ️ [FormPoller] Tenant emericks-tenant: Nenhuma submission nova

✅ [FormPoller] Polling concluído: 0 submissions enfileiradas de 2 tenant(s)
ℹ️ [FormSync] Nenhuma submission nova para processar
✅ [SUPABASE] Credenciais processadas com sucesso (tenant: system)
✅ [SUPABASE] Usando credenciais do tenant: system
🔄 [SUPABASE] Criando novo cliente com headers...
✅ [SUPABASE] Cliente criado com sucesso: http://103.199.187.145:8100
📋 [FormMappingSync] Encontrados 1 formulário(s) no tenant system
✅ [PUBLIC_CACHE] Credenciais encontradas no banco para emericks-tenant (ou fallback)
📋 [FormMappingSync] CompanySlug para tenant system: nexus-intelligence (from hms100msConfig)
✅ [MULTI-TENANT] 0 registros encontrados para emericks-tenant
🆕 Inicializando cache para emericks-tenant/emericks-tenant com 0 clientes
✅ Cache atualizado para emericks-tenant-emericks-tenant: 0 clientes
🔍 Verificação de novos clientes concluída: {
  novos: 0,
  fonte: 'cache_initialized',
  processamento: { sucessos: 0, erros: 0 }
}
❌ [CPFPoller] Erro ao buscar do Master: Invalid API key
✅ [CPFPoller] Polling concluído: 0 consultas processadas
ℹ️ [CPFSync] Nenhuma consulta CPF nova para processar
🔍 [CPFAutoCheck] Verificando leads aprovados sem consulta CPF...
✅ [FormMappingSync] Tenant system sincronizado com sucesso
🔍 [FormMappingSync] Sincronizando tenant: emericks-tenant
🔍 [SUPABASE] Buscando credenciais para tenant emericks-tenant...
✅ [SUPABASE] Credenciais processadas com sucesso (tenant: emericks-tenant)
✅ [SUPABASE] Usando credenciais do tenant: emericks-tenant
✅ [SUPABASE] Usando cliente cache (headers)
✅ [CPFAutoCheck] Encontrados 2 tenant(s) elegíveis (com BigDataCorp + Supabase)
🏢 [CPFAutoCheck] Processando tenant: system
📋 [FormMappingSync] Encontrados 1 formulário(s) no tenant emericks-tenant
📊 [CPFAutoCheck] Tenant system: 2 submissions em 'form_submissions'
📋 [CPFAutoCheck] Tenant system: IDs encontrados: 25fa1351, 6aed9aeb
ℹ️ [CPFAutoCheck] Tenant system: Todas as 2 submissions já foram processadas
ℹ️ [CPFAutoCheck] Exemplo: ID 25fa1351... já está na lista de 7 processados
🏢 [CPFAutoCheck] Processando tenant: emericks-tenant
📋 [FormMappingSync] CompanySlug para tenant emericks-tenant: emericks (from hms100msConfig)
✅ [FormMappingSync] Tenant emericks-tenant sincronizado com sucesso
✅ [FormMappingSync] Sincronização concluída: 2 formulário(s) sincronizado(s), 0 erro(s)
📊 [CPFAutoCheck] Tenant emericks-tenant: 2 submissions em 'form_submissions'
📋 [CPFAutoCheck] Tenant emericks-tenant: IDs encontrados: 25fa1351, 6aed9aeb
ℹ️ [CPFAutoCheck] Tenant emericks-tenant: Todas as 2 submissions já foram processadas
ℹ️ [CPFAutoCheck] Exemplo: ID 25fa1351... já está na lista de 7 processados
✅ [CPFAutoCheck] Verificação concluída: 0 consultas realizadas, 0 erros
[MasterSync] Conectando ao Supabase Owner/Master: https://fsojiujwjfseqwrqesch.supabase.co...
📋 [MasterSync] 5 admins com credenciais encontrados
[MasterSync] Erro ao buscar integration_queue: Service for this project is restricted due to the following violations: exceed_egress_quota. Please reach out to Supabase support at https://supabase.help immediately.
[MasterSync] Erro ao buscar integration_queue: Service for this project is restricted due to the following violations: exceed_egress_quota. Please reach out to Supabase support at https://supabase.help immediately.
[MasterSync] Erro ao buscar integration_queue: Service for this project is restricted due to the following violations: exceed_egress_quota. Please reach out to Supabase support at https://supabase.help immediately.
📋 [MasterSync] 5 admins com credenciais encontrados
[MasterSync] Erro ao buscar integration_queue: Service for this project is restricted due to the following violations: exceed_egress_quota. Please reach out to Supabase support at https://supabase.help immediately.
[MasterSync] Erro ao buscar integration_queue: Service for this project is restricted due to the following violations: exceed_egress_quota. Please reach out to Supabase support at https://supabase.help immediately.
[MasterSync] Erro ao buscar integration_queue: Service for this project is restricted due to the following violations: exceed_egress_quota. Please reach out to Supabase support at https://supabase.help immediately.
📋 [MasterSync] 5 admins com credenciais encontrados
[MasterSync] Erro ao buscar integration_queue: Service for this project is restricted due to the following violations: exceed_egress_quota. Please reach out to Supabase support at https://supabase.help immediately.
[MasterSync] Erro ao buscar integration_queue: Service for this project is restricted due to the following violations: exceed_egress_quota. Please reach out to Supabase support at https://supabase.help immediately.
[MasterSync] Erro ao buscar integration_queue: Service for this project is restricted due to the following violations: exceed_egress_quota. Please reach out to Supabase support at https://supabase.help immediately.
📋 [MasterSync] 5 admins com credenciais encontrados
[MasterSync] Erro ao buscar integration_queue: Service for this project is restricted due to the following violations: exceed_egress_quota. Please reach out to Supabase support at https://supabase.help immediately.
[MasterSync] Erro ao buscar integration_queue: Service for this project is restricted due to the following violations: exceed_egress_quota. Please reach out to Supabase support at https://supabase.help immediately.
[MasterSync] Erro ao buscar integration_queue: Service for this project is restricted due to the following violations: exceed_egress_quota. Please reach out to Supabase support at https://supabase.help immediately.
🔄 [FormSync] Executando sincronização de formulários do Supabase...
🔍 [FormPoller] Iniciando polling de submissions...
✅ [SUPABASE] 2 configuração(ões) encontrada(s) no banco de dados
🏢 [FormPoller] Encontrados 2 tenant(s) configurados

🔄 [FormPoller] Processando tenant: system
📊 [FormPoller] Tenant system: 0 submissions não sincronizadas ou atualizadas
ℹ️ [FormPoller] Tenant system: Nenhuma submission nova

🔄 [FormPoller] Processando tenant: emericks-tenant
📊 [FormPoller] Tenant emericks-tenant: 0 submissions não sincronizadas ou atualizadas
ℹ️ [FormPoller] Tenant emericks-tenant: Nenhuma submission nova

✅ [FormPoller] Polling concluído: 0 submissions enfileiradas de 2 tenant(s)
ℹ️ [FormSync] Nenhuma submission nova para processar
🔍 Verificando novos clientes para cliente system (tenant: system)
🔍 Iniciando detecção de novos clientes para system/system
🔍 Verificando novos clientes para cliente emericks-tenant (tenant: emericks-tenant)
🔍 Iniciando detecção de novos clientes para emericks-tenant/emericks-tenant
✅ [MULTI-TENANT] 0 registros encontrados para system
✅ Cache atualizado para system-system: 0 clientes
✅ Nenhum novo cliente detectado. Total: 0 clientes
🔍 Verificação de novos clientes concluída: {
  novos: 0,
  fonte: 'comparison_complete',
  processamento: { sucessos: 0, erros: 0 }
}
✅ [MULTI-TENANT] 0 registros encontrados para emericks-tenant
✅ Cache atualizado para emericks-tenant-emericks-tenant: 0 clientes
✅ Nenhum novo cliente detectado. Total: 0 clientes
🔍 Verificação de novos clientes concluída: {
  novos: 0,
  fonte: 'comparison_complete',
  processamento: { sucessos: 0, erros: 0 }
}
📋 [MasterSync] 5 admins com credenciais encontrados
[MasterSync] Erro ao buscar integration_queue: Service for this project is restricted due to the following violations: exceed_egress_quota. Please reach out to Supabase support at https://supabase.help immediately.
[MasterSync] Erro ao buscar integration_queue: Service for this project is restricted due to the following violations: exceed_egress_quota. Please reach out to Supabase support at https://supabase.help immediately.
[MasterSync] Erro ao buscar integration_queue: Service for this project is restricted due to the following violations: exceed_egress_quota. Please reach out to Supabase support at https://supabase.help immediately.
📋 [MasterSync] 5 admins com credenciais encontrados
[MasterSync] Erro ao buscar integration_queue: Service for this project is restricted due to the following violations: exceed_egress_quota. Please reach out to Supabase support at https://supabase.help immediately.
[MasterSync] Erro ao buscar integration_queue: Service for this project is restricted due to the following violations: exceed_egress_quota. Please reach out to Supabase support at https://supabase.help immediately.
[MasterSync] Erro ao buscar integration_queue: Service for this project is restricted due to the following violations: exceed_egress_quota. Please reach out to Supabase support at https://supabase.help immediately.
🔄 [CPFSync] Executando sincronização de CPF compliance...
🔍 [CPFPoller] Iniciando polling de consultas CPF...
📱 [CPFPoller] Buscando resultados com telefone do Supabase Cliente...
📱 [CPFPoller] Buscando resultados CPF e telefones via form_submissions...
ℹ️ [CPFPoller] Todos os resultados já foram processados
ℹ️ [CPFPoller] Nenhum resultado pendente no Supabase Cliente
11:17:41 PM [express] ✅ Supabase Master: Credenciais carregadas de variáveis de ambiente (use com cautela - background jobs only)
🔄 [CPFPoller] Verificando Supabase Master (compatibilidade)...
11:17:41 PM [express] ❌ ERRO: Chave do Supabase Master não é service_role!
11:17:41 PM [express]    Role detectado: desconhecido
11:17:41 PM [express]    Problema: Chave JWT inválida (formato incorreto)
11:17:41 PM [express]    Solução: No Supabase Dashboard > Settings > API, copie a "service_role" key (NÃO a anon key)
❌ [CPFPoller] Erro ao buscar do Master: Invalid API key
✅ [CPFPoller] Polling concluído: 0 consultas processadas
ℹ️ [CPFSync] Nenhuma consulta CPF nova para processar
🔍 [CPFAutoCheck] Verificando leads aprovados sem consulta CPF...
✅ [CPFAutoCheck] Encontrados 2 tenant(s) elegíveis (com BigDataCorp + Supabase)
🏢 [CPFAutoCheck] Processando tenant: system
📊 [CPFAutoCheck] Tenant system: 2 submissions em 'form_submissions'
📋 [CPFAutoCheck] Tenant system: IDs encontrados: 25fa1351, 6aed9aeb
ℹ️ [CPFAutoCheck] Tenant system: Todas as 2 submissions já foram processadas
ℹ️ [CPFAutoCheck] Exemplo: ID 25fa1351... já está na lista de 7 processados
🏢 [CPFAutoCheck] Processando tenant: emericks-tenant
📊 [CPFAutoCheck] Tenant emericks-tenant: 2 submissions em 'form_submissions'
📋 [CPFAutoCheck] Tenant emericks-tenant: IDs encontrados: 25fa1351, 6aed9aeb
ℹ️ [CPFAutoCheck] Tenant emericks-tenant: Todas as 2 submissions já foram processadas
ℹ️ [CPFAutoCheck] Exemplo: ID 25fa1351... já está na lista de 7 processados
✅ [CPFAutoCheck] Verificação concluída: 0 consultas realizadas, 0 erros
📋 [MasterSync] 5 admins com credenciais encontrados
[MasterSync] Erro ao buscar integration_queue: Service for this project is restricted due to the following violations: exceed_egress_quota. Please reach out to Supabase support at https://supabase.help immediately.
[MasterSync] Erro ao buscar integration_queue: Service for this project is restricted due to the following violations: exceed_egress_quota. Please reach out to Supabase support at https://supabase.help immediately.
[MasterSync] Erro ao buscar integration_queue: Service for this project is restricted due to the following violations: exceed_egress_quota. Please reach out to Supabase support at https://supabase.help immediately.
📋 [MasterSync] 5 admins com credenciais encontrados
[MasterSync] Erro ao buscar integration_queue: Service for this project is restricted due to the following violations: exceed_egress_quota. Please reach out to Supabase support at https://supabase.help immediately.
[MasterSync] Erro ao buscar integration_queue: Service for this project is restricted due to the following violations: exceed_egress_quota. Please reach out to Supabase support at https://supabase.help immediately.
[MasterSync] Erro ao buscar integration_queue: Service for this project is restricted due to the following violations: exceed_egress_quota. Please reach out to Supabase support at https://supabase.help immediately.
🔄 [FormSync] Executando sincronização de formulários do Supabase...
🔍 [FormPoller] Iniciando polling de submissions...
✅ [SUPABASE] 2 configuração(ões) encontrada(s) no banco de dados
🏢 [FormPoller] Encontrados 2 tenant(s) configurados

🔄 [FormPoller] Processando tenant: system
📊 [FormPoller] Tenant system: 0 submissions não sincronizadas ou atualizadas
ℹ️ [FormPoller] Tenant system: Nenhuma submission nova

🔄 [FormPoller] Processando tenant: emericks-tenant
📊 [FormPoller] Tenant emericks-tenant: 0 submissions não sincronizadas ou atualizadas
ℹ️ [FormPoller] Tenant emericks-tenant: Nenhuma submission nova

✅ [FormPoller] Polling concluído: 0 submissions enfileiradas de 2 tenant(s)
ℹ️ [FormSync] Nenhuma submission nova para processar
🔍 Verificando novos clientes para cliente system (tenant: system)
🔍 Iniciando detecção de novos clientes para system/system
🔍 Verificando novos clientes para cliente emericks-tenant (tenant: emericks-tenant)
🔍 Iniciando detecção de novos clientes para emericks-tenant/emericks-tenant
✅ [MULTI-TENANT] 0 registros encontrados para system
✅ Cache atualizado para system-system: 0 clientes
✅ Nenhum novo cliente detectado. Total: 0 clientes
🔍 Verificação de novos clientes concluída: {
  novos: 0,
  fonte: 'comparison_complete',
  processamento: { sucessos: 0, erros: 0 }
}
✅ [MULTI-TENANT] 0 registros encontrados para emericks-tenant
✅ Cache atualizado para emericks-tenant-emericks-tenant: 0 clientes
✅ Nenhum novo cliente detectado. Total: 0 clientes
🔍 Verificação de novos clientes concluída: {
  novos: 0,
  fonte: 'comparison_complete',
  processamento: { sucessos: 0, erros: 0 }
}
📋 [MasterSync] 5 admins com credenciais encontrados
[MasterSync] Erro ao buscar integration_queue: Service for this project is restricted due to the following violations: exceed_egress_quota. Please reach out to Supabase support at https://supabase.help immediately.
[MasterSync] Erro ao buscar integration_queue: Service for this project is restricted due to the following violations: exceed_egress_quota. Please reach out to Supabase support at https://supabase.help immediately.
[MasterSync] Erro ao buscar integration_queue: Service for this project is restricted due to the following violations: exceed_egress_quota. Please reach out to Supabase support at https://supabase.help immediately.
